#
# There is insufficient memory for the Java Runtime Environment to continue.
# Native memory allocation (mmap) failed to map 134217728 bytes for G1 virtual space
# Possible reasons:
#   The system is out of physical RAM or swap space
#   The process is running with CompressedOops enabled, and the Java Heap may be blocking the growth of the native heap
# Possible solutions:
#   Reduce memory load on the system
#   Increase physical memory or swap space
#   Check if swap backing store is full
#   Decrease Java heap size (-Xmx/-Xms)
#   Decrease number of Java threads
#   Decrease Java thread stack sizes (-Xss)
#   Set larger code cache with -XX:ReservedCodeCacheSize=
#   JVM is running with Unscaled Compressed Oops mode in which the Java heap is
#     placed in the first 4GB address space. The Java Heap base address is the
#     maximum limit for the native heap growth. Please use -XX:HeapBaseMinAddress
#     to set the Java Heap base and to place the Java Heap above 4GB virtual address.
# This output file may be truncated or incomplete.
#
#  Out of Memory Error (./open/src/hotspot/os/windows/os_windows.cpp:3321), pid=3548, tid=19520
#
# JRE version:  (15.0.2+7) (build )
# Java VM: Java HotSpot(TM) 64-Bit Server VM (15.0.2+7-27, mixed mode, sharing, tiered, compressed oops, g1 gc, windows-amd64)
# No core dump will be written. Minidumps are not enabled by default on client versions of Windows
#

---------------  S U M M A R Y ------------

Command Line: -Dfile.encoding=windows-1252 -Duser.country=BR -Duser.language=pt -Duser.variant com.udinei.dio.ecommerce.checkout.api.EcommerceCheckoutApiUdineiApplication

Host: Intel(R) Core(TM) i7-4600U CPU @ 2.10GHz, 4 cores, 7G,  Windows 10 , 64 bit Build 19041 (10.0.19041.662)
Time: Sun Apr 11 16:26:44 2021 Hora Padrão Brasil Central elapsed time: 0.071946 seconds (0d 0h 0m 0s)

---------------  T H R E A D  ---------------

Current thread (0x000002297e85ca00):  JavaThread "Unknown thread" [_thread_in_vm, id=19520, stack(0x0000008a5cb00000,0x0000008a5cc00000)]

Stack: [0x0000008a5cb00000,0x0000008a5cc00000]
Native frames: (J=compiled Java code, j=interpreted, Vv=VM code, C=native code)
V  [jvm.dll+0x62ae9a]
V  [jvm.dll+0x7817a9]
V  [jvm.dll+0x782f03]
V  [jvm.dll+0x783563]
V  [jvm.dll+0x216325]
V  [jvm.dll+0x6281d9]
V  [jvm.dll+0x61cf55]
V  [jvm.dll+0x2cffdd]
V  [jvm.dll+0x2cfe42]
V  [jvm.dll+0x2d5e1c]
V  [jvm.dll+0x32590a]
V  [jvm.dll+0x324fd4]
V  [jvm.dll+0x2a6f5a]
V  [jvm.dll+0x2a80f8]
V  [jvm.dll+0x75e241]
V  [jvm.dll+0x3341c4]
V  [jvm.dll+0x73e926]
V  [jvm.dll+0x3b7557]
V  [jvm.dll+0x3b8fe1]
C  [jli.dll+0x52fb]
C  [ucrtbase.dll+0x214c2]
C  [KERNEL32.DLL+0x17034]
C  [ntdll.dll+0x4d0d1]


---------------  P R O C E S S  ---------------

Threads class SMR info:
_java_thread_list=0x00007ffb25814ff0, length=0, elements={
}

Java Threads: ( => current thread )

Other Threads:
  0x000002297e89db40 GCTaskThread "GC Thread#0" [stack: 0x0000008a5cc00000,0x0000008a5cd00000] [id=12984]
  0x000002297e8ae990 ConcurrentGCThread "G1 Main Marker" [stack: 0x0000008a5cd00000,0x0000008a5ce00000] [id=22444]
  0x000002297e8afd20 ConcurrentGCThread "G1 Conc#0" [stack: 0x0000008a5ce00000,0x0000008a5cf00000] [id=11400]

[error occurred during error reporting (printing all threads), id 0xc0000005, EXCEPTION_ACCESS_VIOLATION (0xc0000005) at pc=0x00007ffb25007e27]

VM state: not at safepoint (not fully initialized)

VM Mutex/Monitor currently owned by a thread:  ([mutex/lock_event])
[0x000002297e858ec0] Heap_lock - owner thread: 0x000002297e85ca00

Heap address: 0x0000000081800000, size: 2024 MB, Compressed Oops mode: 32-bit
CDS archive(s) mapped at: [0x0000000000000000-0x0000000000000000-0x0000000000000000), size 0, SharedBaseAddress: 0x0000000800000000, ArchiveRelocationMode: 0.
Narrow klass base: 0x0000000000000000, Narrow klass shift: 0, Narrow klass range: 0x0

Heap:
 garbage-first heap   total 131072K, used 0K [0x0000000081800000, 0x0000000100000000)
  region size 1024K, 0 young (0K), 0 survivors (0K)
 Metaspace       used 0K, capacity 0K, committed 0K, reserved 0K
  class space    used 0K, capacity 0K, committed 0K, reserved 0K

Heap Regions: E=young(eden), S=young(survivor), O=old, HS=humongous(starts), HC=humongous(continues), CS=collection set, F=free, OA=open archive, CA=closed archive, TAMS=top-at-mark-start (previous, next)

Card table byte_map: [0x000002297ed10000,0x000002297f110000] _byte_map_base: 0x000002297e904000

Marking Bits (Prev, Next): (CMBitMap*) 0x000002297e89e330, (CMBitMap*) 0x000002297e89e370
 Prev Bits: [0x0000022917160000, 0x0000022919100000)
 Next Bits: [0x0000022919100000, 0x000002291b0a0000)

GC Heap History (0 events):
No events

Deoptimization events (0 events):
No events

Classes unloaded (0 events):
No events

Classes redefined (0 events):
No events

Internal exceptions (0 events):
No events

Events (1 events):
Event: 0.048 Loaded shared library C:\Program Files\Java\jdk-15.0.2\bin\java.dll


Dynamic libraries:
0x00007ff792df0000 - 0x00007ff792dff000 	C:\Program Files\Java\jdk-15.0.2\bin\java.exe
0x00007ffb87bd0000 - 0x00007ffb87dc6000 	C:\WINDOWS\SYSTEM32\ntdll.dll
0x00007ffb87110000 - 0x00007ffb871cd000 	C:\WINDOWS\System32\KERNEL32.DLL
0x00007ffb85860000 - 0x00007ffb85b29000 	C:\WINDOWS\System32\KERNELBASE.dll
0x00007ffb85730000 - 0x00007ffb85830000 	C:\WINDOWS\System32\ucrtbase.dll
0x00007ffb83290000 - 0x00007ffb832a8000 	C:\Program Files\Java\jdk-15.0.2\bin\jli.dll
0x00007ffb83260000 - 0x00007ffb83279000 	C:\Program Files\Java\jdk-15.0.2\bin\VCRUNTIME140.dll
0x00007ffb871d0000 - 0x00007ffb8727c000 	C:\WINDOWS\System32\ADVAPI32.dll
0x00007ffb873a0000 - 0x00007ffb8743e000 	C:\WINDOWS\System32\msvcrt.dll
0x00007ffb86510000 - 0x00007ffb865ac000 	C:\WINDOWS\System32\sechost.dll
0x00007ffb87a30000 - 0x00007ffb87b5b000 	C:\WINDOWS\System32\RPCRT4.dll
0x00007ffb86660000 - 0x00007ffb86800000 	C:\WINDOWS\System32\USER32.dll
0x00007ffb84610000 - 0x00007ffb848ab000 	C:\WINDOWS\WinSxS\amd64_microsoft.windows.common-controls_6595b64144ccf1df_6.0.19041.746_none_ca02b4b61b8320a4\COMCTL32.dll
0x00007ffb85700000 - 0x00007ffb85722000 	C:\WINDOWS\System32\win32u.dll
0x00007ffb85c00000 - 0x00007ffb85c2a000 	C:\WINDOWS\System32\GDI32.dll
0x00007ffb855f0000 - 0x00007ffb856fb000 	C:\WINDOWS\System32\gdi32full.dll
0x00007ffb852e0000 - 0x00007ffb8537d000 	C:\WINDOWS\System32\msvcp_win.dll
0x00007ffb82090000 - 0x00007ffb8209a000 	C:\WINDOWS\SYSTEM32\VERSION.dll
0x00007ffb87310000 - 0x00007ffb87340000 	C:\WINDOWS\System32\IMM32.DLL
0x00007ffb83330000 - 0x00007ffb8333c000 	C:\Program Files\Java\jdk-15.0.2\bin\vcruntime140_1.dll
0x00007ffb577b0000 - 0x00007ffb57841000 	C:\Program Files\Java\jdk-15.0.2\bin\msvcp140.dll
0x00007ffb24d50000 - 0x00007ffb258ae000 	C:\Program Files\Java\jdk-15.0.2\bin\server\jvm.dll
0x00007ffb87740000 - 0x00007ffb87748000 	C:\WINDOWS\System32\PSAPI.DLL
0x00007ffb720b0000 - 0x00007ffb720b9000 	C:\WINDOWS\SYSTEM32\WSOCK32.dll
0x00007ffb63800000 - 0x00007ffb63827000 	C:\WINDOWS\SYSTEM32\WINMM.dll
0x00007ffb877b0000 - 0x00007ffb8781b000 	C:\WINDOWS\System32\WS2_32.dll
0x00007ffb82510000 - 0x00007ffb82522000 	C:\WINDOWS\SYSTEM32\kernel.appcore.dll
0x00007ffb82250000 - 0x00007ffb8225a000 	C:\Program Files\Java\jdk-15.0.2\bin\jimage.dll
0x00007ffb84c30000 - 0x00007ffb84e14000 	C:\WINDOWS\SYSTEM32\DBGHELP.DLL
0x00007ffb849e0000 - 0x00007ffb84a0c000 	C:\WINDOWS\SYSTEM32\dbgcore.DLL
0x00007ffb85b80000 - 0x00007ffb85c00000 	C:\WINDOWS\System32\bcryptPrimitives.dll
0x00007ffb7fb70000 - 0x00007ffb7fb95000 	C:\Program Files\Java\jdk-15.0.2\bin\java.dll

dbghelp: loaded successfully - version: 4.0.5 - missing functions: none
symbol engine: initialized successfully - sym options: 0x614 - pdb path: .;C:\Program Files\Java\jdk-15.0.2\bin;C:\WINDOWS\SYSTEM32;C:\WINDOWS\WinSxS\amd64_microsoft.windows.common-controls_6595b64144ccf1df_6.0.19041.746_none_ca02b4b61b8320a4;C:\Program Files\Java\jdk-15.0.2\bin\server

VM Arguments:
jvm_args: -Dfile.encoding=windows-1252 -Duser.country=BR -Duser.language=pt -Duser.variant 
java_command: com.udinei.dio.ecommerce.checkout.api.EcommerceCheckoutApiUdineiApplication
java_class_path (initial): E:\workspace\ecommerce-checkout-api-udinei\build\classes\java\main;E:\workspace\ecommerce-checkout-api-udinei\build\resources\main;C:\Users\Udinei\.gradle\caches\modules-2\files-2.1\org.springframework.boot\spring-boot-starter-web\2.3.9.RELEASE\4c832c4921045132ea9a246e31a1ecd72d5e3b96\spring-boot-starter-web-2.3.9.RELEASE.jar;C:\Users\Udinei\.gradle\caches\modules-2\files-2.1\org.springframework.cloud\spring-cloud-starter-sleuth\2.2.7.RELEASE\3b34986f87829e38b87084e0113d4ad0d73204ea\spring-cloud-starter-sleuth-2.2.7.RELEASE.jar;C:\Users\Udinei\.gradle\caches\modules-2\files-2.1\org.springframework.cloud\spring-cloud-stream-binder-kafka-streams\3.0.11.RELEASE\2ccc2415b5d5b2b96f67d20c22a0e65278250ef\spring-cloud-stream-binder-kafka-streams-3.0.11.RELEASE.jar;C:\Users\Udinei\.gradle\caches\modules-2\files-2.1\org.springframework.cloud\spring-cloud-stream-binder-kafka-core\3.0.11.RELEASE\af52bb740f3edcfd16562960f5831cad802bfa7b\spring-cloud-stream-binder-kafka-core-3.0.11.RELEASE.jar;C:\Users\Udinei\.gradle\caches\modules-2\files-2.1\org.springframework.cloud\spring-cloud-stream\3.0.11.RELEASE\159e4bc0f053d14e61c67735962d7e338bbc5a2f\spring-cloud-stream-3.0.11.RELEASE.jar;C:\Users\Udinei\.gradle\caches\modules-2\files-2.1\org.springframework.boot\spring-boot-starter-data-jpa\2.3.9.RELEASE\161c4c824430743b43b473dcd606029624409747\spring-boot-starter-data-jpa-2.3.9.RELEASE.jar;C:\Users\Udinei\.gradle\caches\modules-2\files-2.1\org.apache.kafka\kafka-streams\2.5.1\22852f9184cb3b55b67a73e81dcf2f6aafad01d2\kafka-streams-2.5.1.jar;C:\Users\Udinei\.gradle\caches\modules-2\files-2.1\io.confluent\kafka-avro-serializer\5.5.0\8c464271f30ce942e4f203d4ae764716f142a0c2\kafka-avro-serializer-5.5.0.jar;C:\Users\Udinei\.gradle\caches\modules-2\files-2.1\org.postgresql\postgresql\42.2.18\a0a9c1d43c7727eeaf1b729477891185d3c71751\postgresql-42.2.18.jar;C:\Users\Udinei\.gradle\caches\modules-2\files-2.1\org.springframework.boot\spring-boot-starter-json\2.3.9.REL
Launcher Type: SUN_STANDARD

[Global flags]
     intx CICompilerCount                          = 3                                         {product} {ergonomic}
     uint ConcGCThreads                            = 1                                         {product} {ergonomic}
     uint G1ConcRefinementThreads                  = 4                                         {product} {ergonomic}
   size_t G1HeapRegionSize                         = 1048576                                   {product} {ergonomic}
    uintx GCDrainStackTargetSize                   = 64                                        {product} {ergonomic}
   size_t InitialHeapSize                          = 134217728                                 {product} {ergonomic}
   size_t MarkStackSize                            = 4194304                                   {product} {ergonomic}
   size_t MaxHeapSize                              = 2122317824                                {product} {ergonomic}
   size_t MinHeapDeltaBytes                        = 1048576                                   {product} {ergonomic}
   size_t MinHeapSize                              = 8388608                                   {product} {ergonomic}
    uintx NonNMethodCodeHeapSize                   = 5832780                                {pd product} {ergonomic}
    uintx NonProfiledCodeHeapSize                  = 122912730                              {pd product} {ergonomic}
    uintx ProfiledCodeHeapSize                     = 122912730                              {pd product} {ergonomic}
    uintx ReservedCodeCacheSize                    = 251658240                              {pd product} {ergonomic}
     bool SegmentedCodeCache                       = true                                      {product} {ergonomic}
   size_t SoftMaxHeapSize                          = 2122317824                             {manageable} {ergonomic}
     bool UseCompressedClassPointers               = true                                 {lp64_product} {ergonomic}
     bool UseCompressedOops                        = true                                 {lp64_product} {ergonomic}
     bool UseG1GC                                  = true                                      {product} {ergonomic}
     bool UseLargePagesIndividualAllocation        = false                                  {pd product} {ergonomic}

Logging:
Log output configuration:
 #0: stdout all=warning uptime,level,tags
 #1: stderr all=off uptime,level,tags

Environment Variables:
JAVA_HOME=C:\Program Files\Java\jdk-15.0.2
CLASSPATH=.
PATH=C:\Program Files\Common Files\Oracle\Java\javapath;C:\Python38\Scripts\;C:\Python38\;C:\WINDOWS\system32;C:\WINDOWS;C:\WINDOWS\System32\Wbem;C:\WINDOWS\System32\WindowsPowerShell\v1.0\;C:\Program Files (x86)\MySQL\MySQL Fabric 1.5 & MySQL Utilities 1.5\;C:\Program Files (x86)\MySQL\MySQL Fabric 1.5 & MySQL Utilities 1.5\Doctrine extensions for PHP\;C:\Program Files\Calibre2\;C:\Program Files\Java\jdk-15.0.2;C:\oraclexe\client_oracle11;C:\WINDOWS\System32\OpenSSH\;C:\ProgramData\chocolatey\bin;C:\Program Files\Java\jdk1.8.0_191\bin;E:\projetos_sistemas\005-brewer\005-4-implementacao\005-4-1-workspace\EstudoJavaOO\exerciciosVetoresAula19;C:\xampp\mysql\bin;C:\Program Files\heroku\bin;C:\Program Files\MySQL\MySQL Server 5.6\bin;C:\Program Files\Git\bin;C:\Program Files\Microsoft VS Code\bin;C:\Program Files (x86)\Yarn\bin\;C:\Users\Udinei\AppData\Local\Android\Sdk\platform-tools;C:\Users\Udinei\AppData\Local\Android\Sdk\tools;C:\Users\Udinei\AppData\Local\Android\Sdk\tools\bin;C:\Users\Udinei\AppData\Local\Android\Sdk\platform-tools;C:\Users\Udinei\AppData\Local\Android\Sdk\build-tools\19.1.0;C:\Gradle\gradle-5.6.3\bin;C:\maven\apache-maven-3.6.3\bin;C:\Program Files\MongoDB\Server\4.2\bin;C:\Users\Udinei\AppData\Roaming\npm;C:\MinGW\bin;C:\Program Files\Docker\Docker\resources\bin;C:\ProgramData\DockerDesktop\version-bin;C:\tools\lxrunoffline;C:\Program Files\nodejs\;C:\Users\Udinei\AppData\Local\Android\Sdk\emulator;C:\Program Files\watchman\windows\bin;C:\Program Files\Amazon\AWSCLIV2\;C:\Program Files\MongoDB\Server\4.2\data;C:\tools\Cmder;C:\Users\Udinei\AppData\Roaming\npm;C:\Users\Udinei\AppData\Local\Microsoft\WindowsApps;;C:\Program Files\JetBrains\IntelliJ IDEA Community Edition 2020.3.2\bin;
USERNAME=Udinei
OS=Windows_NT
PROCESSOR_IDENTIFIER=Intel64 Family 6 Model 69 Stepping 1, GenuineIntel



---------------  S Y S T E M  ---------------

OS:
 Windows 10 , 64 bit Build 19041 (10.0.19041.662)
OS uptime: 15 days 7:03 hours
HyperV virtualization detected

CPU: total 4 (initial active 4) (2 cores per cpu, 2 threads per core) family 6 model 69 stepping 1 microcode 0x25, cmov, cx8, fxsr, mmx, sse, sse2, sse3, ssse3, sse4.1, sse4.2, popcnt, vzeroupper, avx, avx2, aes, clmul, erms, lzcnt, ht, tsc, tscinvbit, bmi1, bmi2, fma, clflush

Memory: 4k page, system-wide physical 8089M (279M free)
TotalPageFile size 24089M (AvailPageFile size 41M)
current process WorkingSet (physical memory assigned to process): 10M, peak: 10M
current process commit charge ("private bytes"): 52M, peak: 180M

vm_info: Java HotSpot(TM) 64-Bit Server VM (15.0.2+7-27) for windows-amd64 JRE (15.0.2+7-27), built on Dec  7 2020 20:07:01 by "mach5one" with unknown MS VC++:1925

END.
